<?xml version="1.0" encoding="UTF-8"?>
<!-- Generated by org.testng.reporters.JUnitReportReporter -->
<testsuite hostname="hp" failures="0" tests="1" name="com.cs.Practicetests.ActitimeAddUserTest" time="13.981" errors="0" timestamp="2024-02-29T20:28:01 IST" skipped="0">
  <testcase classname="com.cs.Practicetests.ActitimeAddUserTest" name="addUserTest" time="13.981"/>
</testsuite> <!-- com.cs.Practicetests.ActitimeAddUserTest -->
