<?xml version="1.0" encoding="UTF-8"?>
<!-- Generated by org.testng.reporters.JUnitReportReporter -->
<testsuite hostname="hp" failures="0" tests="1" name="com.cs.Practicetests.SauceDemoTest" time="12.275" errors="0" timestamp="2024-03-07T23:24:47 IST" skipped="0">
  <testcase classname="com.cs.Practicetests.SauceDemoTest" name="productBuyTest" time="12.275"/>
</testsuite> <!-- com.cs.Practicetests.SauceDemoTest -->
