<?xml version="1.0" encoding="UTF-8"?>
<!-- Generated by org.testng.reporters.JUnitReportReporter -->
<testsuite hostname="hp" failures="0" tests="2" name="com.cs.tests.LoginTests" time="41.679" errors="0" timestamp="2024-02-06T18:36:23 IST" skipped="0">
  <testcase classname="com.cs.tests.LoginTests" name="test1" time="23.524"/>
  <testcase classname="com.cs.tests.LoginTests" name="test2" time="18.155"/>
</testsuite> <!-- com.cs.tests.LoginTests -->
