<?xml version="1.0" encoding="UTF-8"?>
<!-- Generated by org.testng.reporters.JUnitReportReporter -->
<testsuite hostname="hp" failures="0" tests="1" name="com.cs.tests.HomePageTests" time="9.787" errors="0" timestamp="2024-02-06T18:36:23 IST" skipped="0">
  <testcase classname="com.cs.tests.HomePageTests" name="test3" time="9.787"/>
</testsuite> <!-- com.cs.tests.HomePageTests -->
