<?xml version="1.0" encoding="UTF-8"?>
<!-- Generated by org.testng.reporters.JUnitReportReporter -->
<testsuite hostname="hp" failures="0" tests="1" name="com.cs.tests.CustomerTests" time="17.353" errors="0" timestamp="2024-02-12T10:12:28 IST" skipped="0">
  <testcase classname="com.cs.tests.CustomerTests" name="addCustomerTest" time="17.353"/>
</testsuite> <!-- com.cs.tests.CustomerTests -->
