<?xml version="1.0" encoding="UTF-8"?>
<!-- Generated by org.testng.reporters.JUnitReportReporter -->
<testsuite hostname="hp" failures="0" tests="1" name="com.cs.Practicetests.SauceDemoTest" time="10.388" errors="0" timestamp="2024-03-07T23:43:09 IST" skipped="0">
  <testcase classname="com.cs.Practicetests.SauceDemoTest" name="productBuyTest" time="10.388"/>
</testsuite> <!-- com.cs.Practicetests.SauceDemoTest -->
